<?xml version="1.0" encoding="UTF-8"?>
<!-- Generated by org.testng.reporters.JUnitReportReporter -->
<testsuite skipped="0" hostname="ARASKAR-LAP" name="com.qa.tests.GoogleAPI" tests="1" failures="0" timestamp="13 Dec 2020 11:05:19 GMT" time="4.019" errors="0">
  <testcase name="testAddPlace" time="4.019" classname="com.qa.tests.GoogleAPI"/>
</testsuite> <!-- com.qa.tests.GoogleAPI -->
