<?xml version="1.0" encoding="UTF-8"?>
<!-- Generated by org.testng.reporters.JUnitReportReporter -->
<testsuite skipped="1" hostname="ARASKAR-LAP" name="com.qa.tests.GetCourseOauthAPI" tests="2" failures="0" timestamp="09 Dec 2020 13:21:28 GMT" time="6.247" errors="0">
  <testcase name="accessOauthAPIUsingRequestResponseSpec" time="6.247" classname="com.qa.tests.GetCourseOauthAPI"/>
  <testcase name="accessOauthAPI" classname="com.qa.tests.GetCourseOauthAPI">
    <skipped/>
  </testcase> <!-- accessOauthAPI -->
</testsuite> <!-- com.qa.tests.GetCourseOauthAPI -->
