<?xml version="1.0" encoding="UTF-8"?>
<!-- Generated by org.testng.reporters.JUnitReportReporter -->
<testsuite skipped="0" hostname="LAPTOP-2IFEJBVE" name="com.qa.tests.OauthAPITest" tests="1" failures="0" timestamp="18 Apr 2021 09:17:05 GMT" time="2.863" errors="0">
  <testcase name="validateOauthAPI" time="2.863" classname="com.qa.tests.OauthAPITest"/>
</testsuite> <!-- com.qa.tests.OauthAPITest -->
