<?xml version="1.0" encoding="UTF-8"?>
<!-- Generated by org.testng.reporters.JUnitReportReporter -->
<testsuite skipped="2" hostname="ARASKAR-LAP" name="com.qa.tests.JIRAApi" tests="3" failures="0" timestamp="07 Dec 2020 15:07:17 GMT" time="4.103" errors="0">
  <testcase name="addAttachment" time="4.103" classname="com.qa.tests.JIRAApi"/>
  <testcase name="createIssueUsingSessionFilter" classname="com.qa.tests.JIRAApi">
    <skipped/>
  </testcase> <!-- createIssueUsingSessionFilter -->
  <testcase name="createIssueWithoutUsingSessionFilter" classname="com.qa.tests.JIRAApi">
    <skipped/>
  </testcase> <!-- createIssueWithoutUsingSessionFilter -->
</testsuite> <!-- com.qa.tests.JIRAApi -->
