<?xml version="1.0" encoding="UTF-8"?>
<!-- Generated by org.testng.reporters.JUnitReportReporter -->
<testsuite skipped="2" hostname="LAPTOP-2IFEJBVE" name="com.qa.tests.RestAPITest" tests="3" failures="0" timestamp="18 Apr 2021 09:25:05 GMT" time="1.403" errors="0">
  <testcase name="addBookUsingJavaObject" time="1.403" classname="com.qa.tests.RestAPITest"/>
  <testcase name="verifyGetCallOnLibraryAPI" classname="com.qa.tests.RestAPITest">
    <skipped/>
  </testcase> <!-- verifyGetCallOnLibraryAPI -->
  <testcase name="addBookUsingHashMap" classname="com.qa.tests.RestAPITest">
    <skipped/>
  </testcase> <!-- addBookUsingHashMap -->
</testsuite> <!-- com.qa.tests.RestAPITest -->
